<?xml version="1.0" encoding="UTF-8"?>
<!-- Generated by org.testng.reporters.JUnitXMLReporter -->
<testsuite ignored="3" hostname="LAPTOP-KGDMBK1V" failures="0" tests="7" name="Test" time="1.151" errors="0" timestamp="21 Oct 2021 14:40:15 GMT">
  <testcase classname="com.testng.parametersdemo.PriorityDemo" name="m4" time="0.006"/>
  <testcase classname="com.testng.annotationsdemo.Using_TesttagDemo" name="s7" time="0.003"/>
  <testcase classname="com.testng.annotationsdemo.Using_TesttagDemo" name="s9" time="0.009"/>
  <testcase classname="com.testng.annotationsdemo.Using_TestCaseDemo" name="s19" time="0.002"/>
  <testcase classname="com.testng.annotationsdemo.Using_TestCaseDemo" name="s16" time="0.002"/>
  <testcase classname="com.testng.parametersdemo.InvocationTimeOutDemo" name="m1" time="0.014"/>
  <testcase classname="com.testng.parametersdemo.InvocationTimeOutDemo" name="m2" time="0.011"/>
  <testcase classname="com.testng.parametersdemo.UnabledDemo" name="testCase002" time="0.0">
    <ignored/>
  </testcase> <!-- testCase002 -->
  <testcase classname="com.testng.annotationsdemo.Using_Annotation" name="@AfterTest m3" time="0.0">
    <ignored/>
  </testcase> <!-- @AfterTest m3 -->
  <testcase classname="com.testng.annotationsdemo.Using_Annotation" name="@BeforeTest m2" time="0.0">
    <ignored/>
  </testcase> <!-- @BeforeTest m2 -->
</testsuite> <!-- Test -->
